2024-12-16 19:25:00.538150 - [1;30;43mߣ | úãGitHubһstar![0m
2024-12-16 19:25:00.541657 - [1;30;41mGithubҳhttps://github.com/17179830[0m
2024-12-16 19:25:00.542197 - [1;30;47mڸũҵְҵѧԺĵڶʹãѧУϵ[0m
2024-12-16 19:25:01.542789 - [31mϸĶʹ˵[0m
2024-12-16 19:25:02.544327 - [31mע⣺΢ŵԶ˲¼[0m
2024-12-16 19:25:03.545779 - [31m     ʹ΢ųֺ̋[0m
2024-12-16 19:25:04.547203 - [31m     ȴִеʱпʹõ[0m
2024-12-16 19:25:05.548220 - [31m     ΢űƲڼ벻Ҫвԣг[0m
2024-12-16 19:25:06.549658 - [31m     ڽִлȡ΢·鹦ܣиʲɹ[0m
2024-12-16 19:25:07.552627 - [31m     ȡлԭдճ[0m
2024-12-16 19:25:29.049564 - 2024-12-16 19:25:29.049564
2024-12-16 19:25:29.049564 - ˣ
2024-12-16 19:25:30.182827 - ȴ΢
2024-12-16 19:25:30.571673 - ΢ɹ
2024-12-16 19:25:36.250963 - ν
2024-12-16 19:25:38.627289 - б
2024-12-16 19:25:42.032233 - ״̬л
2024-12-16 19:25:43.435231 - ״̬лɹлΪ
2024-12-16 19:25:44.702230 - ôûбť㣬1
2024-12-16 19:25:45.978217 - ôûбť㣬2
2024-12-16 19:25:47.267714 - ôûбť㣬3
2024-12-16 19:25:48.062603 - [1;30;43m|V1.0.0(alpha2)[0m
2024-12-16 19:25:48.064303 - 򼴽
